# JRE version: Java(TM) SE Runtime Environment (8.0_25-b17) (build 1.8.0_25-b17)
# Java VM: Java HotSpot(TM) 64-Bit Server VM (25.25-b02 mixed mode bsd-amd64 compressed oops)
Heap:
 PSYoungGen      total 18944K, used 9534K [0x0000000144300000, 0x0000000145800000, 0x0000000159800000)
  eden space 16384K, 42% used [0x0000000144300000,0x00000001449d7ba0,0x0000000145300000)
  from space 2560K, 98% used [0x0000000145300000,0x0000000145578020,0x0000000145580000)
  to   space 2560K, 0% used [0x0000000145580000,0x0000000145580000,0x0000000145800000)
 ParOldGen       total 44032K, used 5664K [0x0000000119800000, 0x000000011c300000, 0x0000000144300000)
  object space 44032K, 12% used [0x0000000119800000,0x0000000119d88380,0x000000011c300000)
 Metaspace       used 17266K, capacity 18578K, committed 18816K, reserved 1064960K
  class space    used 2643K, capacity 2888K, committed 2944K, reserved 1048576K
GC Heap History (6 events):
Event: 1.382 GC heap before
{Heap before GC invocations=1 (full 0):
 PSYoungGen      total 18944K, used 16384K [0x0000000144300000, 0x0000000145800000, 0x0000000159800000)
  eden space 16384K, 100% used [0x0000000144300000,0x0000000145300000,0x0000000145300000)
  from space 2560K, 0% used [0x0000000145580000,0x0000000145580000,0x0000000145800000)
  to   space 2560K, 0% used [0x0000000145300000,0x0000000145300000,0x0000000145580000)
 ParOldGen       total 44032K, used 0K [0x0000000119800000, 0x000000011c300000, 0x0000000144300000)
  object space 44032K, 0% used [0x0000000119800000,0x0000000119800000,0x000000011c300000)
 Metaspace       used 8992K, capacity 9384K, committed 9600K, reserved 1056768K
  class space    used 1221K, capacity 1303K, committed 1408K, reserved 1048576K
Event: 1.386 GC heap after
Heap after GC invocations=1 (full 0):
 PSYoungGen      total 18944K, used 2528K [0x0000000144300000, 0x0000000145800000, 0x0000000159800000)
  eden space 16384K, 0% used [0x0000000144300000,0x0000000144300000,0x0000000145300000)
  from space 2560K, 98% used [0x0000000145300000,0x0000000145578020,0x0000000145580000)
  to   space 2560K, 0% used [0x0000000145580000,0x0000000145580000,0x0000000145800000)
 ParOldGen       total 44032K, used 72K [0x0000000119800000, 0x000000011c300000, 0x0000000144300000)
  object space 44032K, 0% used [0x0000000119800000,0x0000000119812000,0x000000011c300000)
 Metaspace       used 8992K, capacity 9384K, committed 9600K, reserved 1056768K
  class space    used 1221K, capacity 1303K, committed 1408K, reserved 1048576K
}
Event: 2.425 GC heap before
{Heap before GC invocations=2 (full 0):
 PSYoungGen      total 18944K, used 18912K [0x0000000144300000, 0x0000000145800000, 0x0000000159800000)
  eden space 16384K, 100% used [0x0000000144300000,0x0000000145300000,0x0000000145300000)
  from space 2560K, 98% used [0x0000000145300000,0x0000000145578020,0x0000000145580000)
  to   space 2560K, 0% used [0x0000000145580000,0x0000000145580000,0x0000000145800000)
 ParOldGen       total 44032K, used 72K [0x0000000119800000, 0x000000011c300000, 0x0000000144300000)
  object space 44032K, 0% used [0x0000000119800000,0x0000000119812000,0x000000011c300000)
 Metaspace       used 14740K, capacity 15672K, committed 15872K, reserved 1062912K
  class space    used 2329K, capacity 2526K, committed 2560K, reserved 1048576K
Event: 2.432 GC heap after
Heap after GC invocations=2 (full 0):
 PSYoungGen      total 18944K, used 2528K [0x0000000144300000, 0x0000000145800000, 0x0000000159800000)
  eden space 16384K, 0% used [0x0000000144300000,0x0000000144300000,0x0000000145300000)
  from space 2560K, 98% used [0x0000000145580000,0x00000001457f8020,0x0000000145800000)
  to   space 2560K, 0% used [0x0000000145300000,0x0000000145300000,0x0000000145580000)
 ParOldGen       total 44032K, used 1816K [0x0000000119800000, 0x000000011c300000, 0x0000000144300000)
  object space 44032K, 4% used [0x0000000119800000,0x00000001199c6030,0x000000011c300000)
 Metaspace       used 14740K, capacity 15672K, committed 15872K, reserved 1062912K
  class space    used 2329K, capacity 2526K, committed 2560K, reserved 1048576K
}
Event: 117.721 GC heap before
{Heap before GC invocations=3 (full 0):
 PSYoungGen      total 18944K, used 18912K [0x0000000144300000, 0x0000000145800000, 0x0000000159800000)
  eden space 16384K, 100% used [0x0000000144300000,0x0000000145300000,0x0000000145300000)
  from space 2560K, 98% used [0x0000000145580000,0x00000001457f8020,0x0000000145800000)
  to   space 2560K, 0% used [0x0000000145300000,0x0000000145300000,0x0000000145580000)
 ParOldGen       total 44032K, used 1816K [0x0000000119800000, 0x000000011c300000, 0x0000000144300000)
  object space 44032K, 4% used [0x0000000119800000,0x00000001199c6030,0x000000011c300000)
 Metaspace       used 17236K, capacity 18542K, committed 18816K, reserved 1064960K
  class space    used 2635K, capacity 2880K, committed 2944K, reserved 1048576K
Event: 117.757 GC heap after
Heap after GC invocations=3 (full 0):
 PSYoungGen      total 18944K, used 2528K [0x0000000144300000, 0x0000000145800000, 0x0000000159800000)
  eden space 16384K, 0% used [0x0000000144300000,0x0000000144300000,0x0000000145300000)
  from space 2560K, 98% used [0x0000000145300000,0x0000000145578020,0x0000000145580000)
  to   space 2560K, 0% used [0x0000000145580000,0x0000000145580000,0x0000000145800000)
 ParOldGen       total 44032K, used 5664K [0x0000000119800000, 0x000000011c300000, 0x0000000144300000)
  object space 44032K, 12% used [0x0000000119800000,0x0000000119d88380,0x000000011c300000)
 Metaspace       used 17236K, capacity 18542K, committed 18816K, reserved 1064960K
  class space    used 2635K, capacity 2880K, committed 2944K, reserved 1048576K
}

