# JRE version: Java(TM) SE Runtime Environment (8.0_25-b17) (build 1.8.0_25-b17)
# Java VM: Java HotSpot(TM) 64-Bit Server VM (25.25-b02 mixed mode bsd-amd64 compressed oops)
Heap:
 PSYoungGen      total 18944K, used 9751K [0x0000000145500000, 0x0000000147800000, 0x000000015aa00000)
  eden space 16384K, 44% used [0x0000000145500000,0x0000000145c0de98,0x0000000146500000)
  from space 2560K, 98% used [0x0000000146500000,0x0000000146778010,0x0000000146780000)
  to   space 8192K, 0% used [0x0000000147000000,0x0000000147000000,0x0000000147800000)
 ParOldGen       total 44032K, used 8091K [0x000000011aa00000, 0x000000011d500000, 0x0000000145500000)
  object space 44032K, 18% used [0x000000011aa00000,0x000000011b1e6e50,0x000000011d500000)
 Metaspace       used 18978K, capacity 20426K, committed 20608K, reserved 1067008K
  class space    used 2850K, capacity 3078K, committed 3200K, reserved 1048576K
GC Heap History (10 events):
Event: 0.753 GC heap before
{Heap before GC invocations=1 (full 0):
 PSYoungGen      total 18944K, used 16384K [0x0000000145500000, 0x0000000146a00000, 0x000000015aa00000)
  eden space 16384K, 100% used [0x0000000145500000,0x0000000146500000,0x0000000146500000)
  from space 2560K, 0% used [0x0000000146780000,0x0000000146780000,0x0000000146a00000)
  to   space 2560K, 0% used [0x0000000146500000,0x0000000146500000,0x0000000146780000)
 ParOldGen       total 44032K, used 0K [0x000000011aa00000, 0x000000011d500000, 0x0000000145500000)
  object space 44032K, 0% used [0x000000011aa00000,0x000000011aa00000,0x000000011d500000)
 Metaspace       used 8942K, capacity 9488K, committed 9600K, reserved 1056768K
  class space    used 1207K, capacity 1338K, committed 1408K, reserved 1048576K
Event: 0.759 GC heap after
Heap after GC invocations=1 (full 0):
 PSYoungGen      total 18944K, used 2528K [0x0000000145500000, 0x0000000146a00000, 0x000000015aa00000)
  eden space 16384K, 0% used [0x0000000145500000,0x0000000145500000,0x0000000146500000)
  from space 2560K, 98% used [0x0000000146500000,0x0000000146778020,0x0000000146780000)
  to   space 2560K, 0% used [0x0000000146780000,0x0000000146780000,0x0000000146a00000)
 ParOldGen       total 44032K, used 8K [0x000000011aa00000, 0x000000011d500000, 0x0000000145500000)
  object space 44032K, 0% used [0x000000011aa00000,0x000000011aa02000,0x000000011d500000)
 Metaspace       used 8942K, capacity 9488K, committed 9600K, reserved 1056768K
  class space    used 1207K, capacity 1338K, committed 1408K, reserved 1048576K
}
Event: 1.571 GC heap before
{Heap before GC invocations=2 (full 0):
 PSYoungGen      total 18944K, used 18912K [0x0000000145500000, 0x0000000146a00000, 0x000000015aa00000)
  eden space 16384K, 100% used [0x0000000145500000,0x0000000146500000,0x0000000146500000)
  from space 2560K, 98% used [0x0000000146500000,0x0000000146778020,0x0000000146780000)
  to   space 2560K, 0% used [0x0000000146780000,0x0000000146780000,0x0000000146a00000)
 ParOldGen       total 44032K, used 8K [0x000000011aa00000, 0x000000011d500000, 0x0000000145500000)
  object space 44032K, 0% used [0x000000011aa00000,0x000000011aa02000,0x000000011d500000)
 Metaspace       used 14765K, capacity 15630K, committed 15872K, reserved 1062912K
  class space    used 2349K, capacity 2517K, committed 2560K, reserved 1048576K
Event: 1.578 GC heap after
Heap after GC invocations=2 (full 0):
 PSYoungGen      total 18944K, used 2528K [0x0000000145500000, 0x0000000146a00000, 0x000000015aa00000)
  eden space 16384K, 0% used [0x0000000145500000,0x0000000145500000,0x0000000146500000)
  from space 2560K, 98% used [0x0000000146780000,0x00000001469f8010,0x0000000146a00000)
  to   space 2560K, 0% used [0x0000000146500000,0x0000000146500000,0x0000000146780000)
 ParOldGen       total 44032K, used 1724K [0x000000011aa00000, 0x000000011d500000, 0x0000000145500000)
  object space 44032K, 3% used [0x000000011aa00000,0x000000011abaf030,0x000000011d500000)
 Metaspace       used 14765K, capacity 15630K, committed 15872K, reserved 1062912K
  class space    used 2349K, capacity 2517K, committed 2560K, reserved 1048576K
}
Event: 2.222 GC heap before
{Heap before GC invocations=3 (full 0):
 PSYoungGen      total 18944K, used 18912K [0x0000000145500000, 0x0000000146a00000, 0x000000015aa00000)
  eden space 16384K, 100% used [0x0000000145500000,0x0000000146500000,0x0000000146500000)
  from space 2560K, 98% used [0x0000000146780000,0x00000001469f8010,0x0000000146a00000)
  to   space 2560K, 0% used [0x0000000146500000,0x0000000146500000,0x0000000146780000)
 ParOldGen       total 44032K, used 1724K [0x000000011aa00000, 0x000000011d500000, 0x0000000145500000)
  object space 44032K, 3% used [0x000000011aa00000,0x000000011abaf030,0x000000011d500000)
 Metaspace       used 17421K, capacity 18774K, committed 18944K, reserved 1064960K
  class space    used 2745K, capacity 3012K, committed 3072K, reserved 1048576K
Event: 2.235 GC heap after
Heap after GC invocations=3 (full 0):
 PSYoungGen      total 18944K, used 2544K [0x0000000145500000, 0x0000000147a00000, 0x000000015aa00000)
  eden space 16384K, 0% used [0x0000000145500000,0x0000000145500000,0x0000000146500000)
  from space 2560K, 99% used [0x0000000146500000,0x000000014677c020,0x0000000146780000)
  to   space 2560K, 0% used [0x0000000147780000,0x0000000147780000,0x0000000147a00000)
 ParOldGen       total 44032K, used 6915K [0x000000011aa00000, 0x000000011d500000, 0x0000000145500000)
  object space 44032K, 15% used [0x000000011aa00000,0x000000011b0c0df0,0x000000011d500000)
 Metaspace       used 17421K, capacity 18774K, committed 18944K, reserved 1064960K
  class space    used 2745K, capacity 3012K, committed 3072K, reserved 1048576K
}
Event: 159.310 GC heap before
{Heap before GC invocations=4 (full 0):
 PSYoungGen      total 18944K, used 18928K [0x0000000145500000, 0x0000000147a00000, 0x000000015aa00000)
  eden space 16384K, 100% used [0x0000000145500000,0x0000000146500000,0x0000000146500000)
  from space 2560K, 99% used [0x0000000146500000,0x000000014677c020,0x0000000146780000)
  to   space 2560K, 0% used [0x0000000147780000,0x0000000147780000,0x0000000147a00000)
 ParOldGen       total 44032K, used 6915K [0x000000011aa00000, 0x000000011d500000, 0x0000000145500000)
  object space 44032K, 15% used [0x000000011aa00000,0x000000011b0c0df0,0x000000011d500000)
 Metaspace       used 18953K, capacity 20390K, committed 20480K, reserved 1067008K
  class space    used 2843K, capacity 3070K, committed 3072K, reserved 1048576K
Event: 159.328 GC heap after
Heap after GC invocations=4 (full 0):
 PSYoungGen      total 18944K, used 2528K [0x0000000145500000, 0x0000000147a00000, 0x000000015aa00000)
  eden space 16384K, 0% used [0x0000000145500000,0x0000000145500000,0x0000000146500000)
  from space 2560K, 98% used [0x0000000147780000,0x00000001479f8010,0x0000000147a00000)
  to   space 2560K, 0% used [0x0000000146500000,0x0000000146500000,0x0000000146780000)
 ParOldGen       total 44032K, used 8043K [0x000000011aa00000, 0x000000011d500000, 0x0000000145500000)
  object space 44032K, 18% used [0x000000011aa00000,0x000000011b1dae40,0x000000011d500000)
 Metaspace       used 18953K, capacity 20390K, committed 20480K, reserved 1067008K
  class space    used 2843K, capacity 3070K, committed 3072K, reserved 1048576K
}
Event: 768.272 GC heap before
{Heap before GC invocations=5 (full 0):
 PSYoungGen      total 18944K, used 18912K [0x0000000145500000, 0x0000000147a00000, 0x000000015aa00000)
  eden space 16384K, 100% used [0x0000000145500000,0x0000000146500000,0x0000000146500000)
  from space 2560K, 98% used [0x0000000147780000,0x00000001479f8010,0x0000000147a00000)
  to   space 2560K, 0% used [0x0000000146500000,0x0000000146500000,0x0000000146780000)
 ParOldGen       total 44032K, used 8043K [0x000000011aa00000, 0x000000011d500000, 0x0000000145500000)
  object space 44032K, 18% used [0x000000011aa00000,0x000000011b1dae40,0x000000011d500000)
 Metaspace       used 18953K, capacity 20390K, committed 20480K, reserved 1067008K
  class space    used 2843K, capacity 3070K, committed 3072K, reserved 1048576K
Event: 768.437 GC heap after
Heap after GC invocations=5 (full 0):
 PSYoungGen      total 18944K, used 2528K [0x0000000145500000, 0x0000000147800000, 0x000000015aa00000)
  eden space 16384K, 0% used [0x0000000145500000,0x0000000145500000,0x0000000146500000)
  from space 2560K, 98% used [0x0000000146500000,0x0000000146778010,0x0000000146780000)
  to   space 8192K, 0% used [0x0000000147000000,0x0000000147000000,0x0000000147800000)
 ParOldGen       total 44032K, used 8091K [0x000000011aa00000, 0x000000011d500000, 0x0000000145500000)
  object space 44032K, 18% used [0x000000011aa00000,0x000000011b1e6e50,0x000000011d500000)
 Metaspace       used 18953K, capacity 20390K, committed 20480K, reserved 1067008K
  class space    used 2843K, capacity 3070K, committed 3072K, reserved 1048576K
}

