# JRE version: Java(TM) SE Runtime Environment (8.0_25-b17) (build 1.8.0_25-b17)
# Java VM: Java HotSpot(TM) 64-Bit Server VM (25.25-b02 mixed mode bsd-amd64 compressed oops)
Heap:
 PSYoungGen      total 18944K, used 7022K [0x0000000142900000, 0x0000000143e00000, 0x0000000157e00000)
  eden space 16384K, 27% used [0x0000000142900000,0x0000000142d63a38,0x0000000143900000)
  from space 2560K, 98% used [0x0000000143b80000,0x0000000143df8020,0x0000000143e00000)
  to   space 2560K, 0% used [0x0000000143900000,0x0000000143900000,0x0000000143b80000)
 ParOldGen       total 44032K, used 10170K [0x0000000117e00000, 0x000000011a900000, 0x0000000142900000)
  object space 44032K, 23% used [0x0000000117e00000,0x00000001187eebc0,0x000000011a900000)
 Metaspace       used 18954K, capacity 20360K, committed 20608K, reserved 1067008K
  class space    used 2848K, capacity 3076K, committed 3200K, reserved 1048576K
GC Heap History (8 events):
Event: 0.992 GC heap before
{Heap before GC invocations=1 (full 0):
 PSYoungGen      total 18944K, used 16384K [0x0000000142900000, 0x0000000143e00000, 0x0000000157e00000)
  eden space 16384K, 100% used [0x0000000142900000,0x0000000143900000,0x0000000143900000)
  from space 2560K, 0% used [0x0000000143b80000,0x0000000143b80000,0x0000000143e00000)
  to   space 2560K, 0% used [0x0000000143900000,0x0000000143900000,0x0000000143b80000)
 ParOldGen       total 44032K, used 0K [0x0000000117e00000, 0x000000011a900000, 0x0000000142900000)
  object space 44032K, 0% used [0x0000000117e00000,0x0000000117e00000,0x000000011a900000)
 Metaspace       used 8941K, capacity 9486K, committed 9600K, reserved 1056768K
  class space    used 1206K, capacity 1336K, committed 1408K, reserved 1048576K
Event: 0.998 GC heap after
Heap after GC invocations=1 (full 0):
 PSYoungGen      total 18944K, used 2544K [0x0000000142900000, 0x0000000143e00000, 0x0000000157e00000)
  eden space 16384K, 0% used [0x0000000142900000,0x0000000142900000,0x0000000143900000)
  from space 2560K, 99% used [0x0000000143900000,0x0000000143b7c030,0x0000000143b80000)
  to   space 2560K, 0% used [0x0000000143b80000,0x0000000143b80000,0x0000000143e00000)
 ParOldGen       total 44032K, used 8K [0x0000000117e00000, 0x000000011a900000, 0x0000000142900000)
  object space 44032K, 0% used [0x0000000117e00000,0x0000000117e02000,0x000000011a900000)
 Metaspace       used 8941K, capacity 9486K, committed 9600K, reserved 1056768K
  class space    used 1206K, capacity 1336K, committed 1408K, reserved 1048576K
}
Event: 1.833 GC heap before
{Heap before GC invocations=2 (full 0):
 PSYoungGen      total 18944K, used 18928K [0x0000000142900000, 0x0000000143e00000, 0x0000000157e00000)
  eden space 16384K, 100% used [0x0000000142900000,0x0000000143900000,0x0000000143900000)
  from space 2560K, 99% used [0x0000000143900000,0x0000000143b7c030,0x0000000143b80000)
  to   space 2560K, 0% used [0x0000000143b80000,0x0000000143b80000,0x0000000143e00000)
 ParOldGen       total 44032K, used 8K [0x0000000117e00000, 0x000000011a900000, 0x0000000142900000)
  object space 44032K, 0% used [0x0000000117e00000,0x0000000117e02000,0x000000011a900000)
 Metaspace       used 14751K, capacity 15624K, committed 15872K, reserved 1062912K
  class space    used 2347K, capacity 2515K, committed 2560K, reserved 1048576K
Event: 1.842 GC heap after
Heap after GC invocations=2 (full 0):
 PSYoungGen      total 18944K, used 2528K [0x0000000142900000, 0x0000000143e00000, 0x0000000157e00000)
  eden space 16384K, 0% used [0x0000000142900000,0x0000000142900000,0x0000000143900000)
  from space 2560K, 98% used [0x0000000143b80000,0x0000000143df8040,0x0000000143e00000)
  to   space 2560K, 0% used [0x0000000143900000,0x0000000143900000,0x0000000143b80000)
 ParOldGen       total 44032K, used 1712K [0x0000000117e00000, 0x000000011a900000, 0x0000000142900000)
  object space 44032K, 3% used [0x0000000117e00000,0x0000000117fac0b0,0x000000011a900000)
 Metaspace       used 14751K, capacity 15624K, committed 15872K, reserved 1062912K
  class space    used 2347K, capacity 2515K, committed 2560K, reserved 1048576K
}
Event: 2.684 GC heap before
{Heap before GC invocations=3 (full 0):
 PSYoungGen      total 18944K, used 17467K [0x0000000142900000, 0x0000000143e00000, 0x0000000157e00000)
  eden space 16384K, 91% used [0x0000000142900000,0x0000000143796e78,0x0000000143900000)
  from space 2560K, 98% used [0x0000000143b80000,0x0000000143df8040,0x0000000143e00000)
  to   space 2560K, 0% used [0x0000000143900000,0x0000000143900000,0x0000000143b80000)
 ParOldGen       total 44032K, used 1712K [0x0000000117e00000, 0x000000011a900000, 0x0000000142900000)
  object space 44032K, 3% used [0x0000000117e00000,0x0000000117fac0b0,0x000000011a900000)
 Metaspace       used 17453K, capacity 18856K, committed 18944K, reserved 1064960K
  class space    used 2743K, capacity 3016K, committed 3072K, reserved 1048576K
Event: 2.697 GC heap after
Heap after GC invocations=3 (full 0):
 PSYoungGen      total 18944K, used 2528K [0x0000000142900000, 0x0000000143e00000, 0x0000000157e00000)
  eden space 16384K, 0% used [0x0000000142900000,0x0000000142900000,0x0000000143900000)
  from space 2560K, 98% used [0x0000000143900000,0x0000000143b78020,0x0000000143b80000)
  to   space 2560K, 0% used [0x0000000143b80000,0x0000000143b80000,0x0000000143e00000)
 ParOldGen       total 44032K, used 5090K [0x0000000117e00000, 0x000000011a900000, 0x0000000142900000)
  object space 44032K, 11% used [0x0000000117e00000,0x00000001182f8b90,0x000000011a900000)
 Metaspace       used 17453K, capacity 18856K, committed 18944K, reserved 1064960K
  class space    used 2743K, capacity 3016K, committed 3072K, reserved 1048576K
}
Event: 209.194 GC heap before
{Heap before GC invocations=4 (full 0):
 PSYoungGen      total 18944K, used 18912K [0x0000000142900000, 0x0000000143e00000, 0x0000000157e00000)
  eden space 16384K, 100% used [0x0000000142900000,0x0000000143900000,0x0000000143900000)
  from space 2560K, 98% used [0x0000000143900000,0x0000000143b78020,0x0000000143b80000)
  to   space 2560K, 0% used [0x0000000143b80000,0x0000000143b80000,0x0000000143e00000)
 ParOldGen       total 44032K, used 5090K [0x0000000117e00000, 0x000000011a900000, 0x0000000142900000)
  object space 44032K, 11% used [0x0000000117e00000,0x00000001182f8b90,0x000000011a900000)
 Metaspace       used 18925K, capacity 20320K, committed 20480K, reserved 1067008K
  class space    used 2841K, capacity 3068K, committed 3072K, reserved 1048576K
Event: 209.216 GC heap after
Heap after GC invocations=4 (full 0):
 PSYoungGen      total 18944K, used 2528K [0x0000000142900000, 0x0000000143e00000, 0x0000000157e00000)
  eden space 16384K, 0% used [0x0000000142900000,0x0000000142900000,0x0000000143900000)
  from space 2560K, 98% used [0x0000000143b80000,0x0000000143df8020,0x0000000143e00000)
  to   space 2560K, 0% used [0x0000000143900000,0x0000000143900000,0x0000000143b80000)
 ParOldGen       total 44032K, used 10170K [0x0000000117e00000, 0x000000011a900000, 0x0000000142900000)
  object space 44032K, 23% used [0x0000000117e00000,0x00000001187eebc0,0x000000011a900000)
 Metaspace       used 18925K, capacity 20320K, committed 20480K, reserved 1067008K
  class space    used 2841K, capacity 3068K, committed 3072K, reserved 1048576K
}

