# JRE version: Java(TM) SE Runtime Environment (8.0_25-b17) (build 1.8.0_25-b17)
# Java VM: Java HotSpot(TM) 64-Bit Server VM (25.25-b02 mixed mode bsd-amd64 compressed oops)
Heap:
 PSYoungGen      total 18944K, used 10010K [0x000000013d500000, 0x000000013ea00000, 0x0000000152a00000)
  eden space 16384K, 45% used [0x000000013d500000,0x000000013dc4eaf8,0x000000013e500000)
  from space 2560K, 98% used [0x000000013e500000,0x000000013e778020,0x000000013e780000)
  to   space 2560K, 0% used [0x000000013e780000,0x000000013e780000,0x000000013ea00000)
 ParOldGen       total 44032K, used 5658K [0x0000000112a00000, 0x0000000115500000, 0x000000013d500000)
  object space 44032K, 12% used [0x0000000112a00000,0x0000000112f86b40,0x0000000115500000)
 Metaspace       used 17127K, capacity 18430K, committed 18560K, reserved 1064960K
  class space    used 2631K, capacity 2884K, committed 2944K, reserved 1048576K
GC Heap History (6 events):
Event: 0.917 GC heap before
{Heap before GC invocations=1 (full 0):
 PSYoungGen      total 18944K, used 16384K [0x000000013d500000, 0x000000013ea00000, 0x0000000152a00000)
  eden space 16384K, 100% used [0x000000013d500000,0x000000013e500000,0x000000013e500000)
  from space 2560K, 0% used [0x000000013e780000,0x000000013e780000,0x000000013ea00000)
  to   space 2560K, 0% used [0x000000013e500000,0x000000013e500000,0x000000013e780000)
 ParOldGen       total 44032K, used 0K [0x0000000112a00000, 0x0000000115500000, 0x000000013d500000)
  object space 44032K, 0% used [0x0000000112a00000,0x0000000112a00000,0x0000000115500000)
 Metaspace       used 8837K, capacity 9360K, committed 9472K, reserved 1056768K
  class space    used 1196K, capacity 1273K, committed 1280K, reserved 1048576K
Event: 0.923 GC heap after
Heap after GC invocations=1 (full 0):
 PSYoungGen      total 18944K, used 2544K [0x000000013d500000, 0x000000013ea00000, 0x0000000152a00000)
  eden space 16384K, 0% used [0x000000013d500000,0x000000013d500000,0x000000013e500000)
  from space 2560K, 99% used [0x000000013e500000,0x000000013e77c030,0x000000013e780000)
  to   space 2560K, 0% used [0x000000013e780000,0x000000013e780000,0x000000013ea00000)
 ParOldGen       total 44032K, used 32K [0x0000000112a00000, 0x0000000115500000, 0x000000013d500000)
  object space 44032K, 0% used [0x0000000112a00000,0x0000000112a08000,0x0000000115500000)
 Metaspace       used 8837K, capacity 9360K, committed 9472K, reserved 1056768K
  class space    used 1196K, capacity 1273K, committed 1280K, reserved 1048576K
}
Event: 1.760 GC heap before
{Heap before GC invocations=2 (full 0):
 PSYoungGen      total 18944K, used 18928K [0x000000013d500000, 0x000000013ea00000, 0x0000000152a00000)
  eden space 16384K, 100% used [0x000000013d500000,0x000000013e500000,0x000000013e500000)
  from space 2560K, 99% used [0x000000013e500000,0x000000013e77c030,0x000000013e780000)
  to   space 2560K, 0% used [0x000000013e780000,0x000000013e780000,0x000000013ea00000)
 ParOldGen       total 44032K, used 32K [0x0000000112a00000, 0x0000000115500000, 0x000000013d500000)
  object space 44032K, 0% used [0x0000000112a00000,0x0000000112a08000,0x0000000115500000)
 Metaspace       used 14728K, capacity 15642K, committed 15872K, reserved 1062912K
  class space    used 2332K, capacity 2533K, committed 2560K, reserved 1048576K
Event: 1.772 GC heap after
Heap after GC invocations=2 (full 0):
 PSYoungGen      total 18944K, used 2544K [0x000000013d500000, 0x000000013fa00000, 0x0000000152a00000)
  eden space 16384K, 0% used [0x000000013d500000,0x000000013d500000,0x000000013e500000)
  from space 2560K, 99% used [0x000000013e780000,0x000000013e9fc030,0x000000013ea00000)
  to   space 2560K, 0% used [0x000000013e500000,0x000000013e500000,0x000000013e780000)
 ParOldGen       total 44032K, used 1800K [0x0000000112a00000, 0x0000000115500000, 0x000000013d500000)
  object space 44032K, 4% used [0x0000000112a00000,0x0000000112bc20b0,0x0000000115500000)
 Metaspace       used 14728K, capacity 15642K, committed 15872K, reserved 1062912K
  class space    used 2332K, capacity 2533K, committed 2560K, reserved 1048576K
}
Event: 200.308 GC heap before
{Heap before GC invocations=3 (full 0):
 PSYoungGen      total 18944K, used 18928K [0x000000013d500000, 0x000000013fa00000, 0x0000000152a00000)
  eden space 16384K, 100% used [0x000000013d500000,0x000000013e500000,0x000000013e500000)
  from space 2560K, 99% used [0x000000013e780000,0x000000013e9fc030,0x000000013ea00000)
  to   space 2560K, 0% used [0x000000013e500000,0x000000013e500000,0x000000013e780000)
 ParOldGen       total 44032K, used 1800K [0x0000000112a00000, 0x0000000115500000, 0x000000013d500000)
  object space 44032K, 4% used [0x0000000112a00000,0x0000000112bc20b0,0x0000000115500000)
 Metaspace       used 17097K, capacity 18394K, committed 18560K, reserved 1064960K
  class space    used 2624K, capacity 2876K, committed 2944K, reserved 1048576K
Event: 200.343 GC heap after
Heap after GC invocations=3 (full 0):
 PSYoungGen      total 18944K, used 2528K [0x000000013d500000, 0x000000013ea00000, 0x0000000152a00000)
  eden space 16384K, 0% used [0x000000013d500000,0x000000013d500000,0x000000013e500000)
  from space 2560K, 98% used [0x000000013e500000,0x000000013e778020,0x000000013e780000)
  to   space 2560K, 0% used [0x000000013e780000,0x000000013e780000,0x000000013ea00000)
 ParOldGen       total 44032K, used 5658K [0x0000000112a00000, 0x0000000115500000, 0x000000013d500000)
  object space 44032K, 12% used [0x0000000112a00000,0x0000000112f86b40,0x0000000115500000)
 Metaspace       used 17097K, capacity 18394K, committed 18560K, reserved 1064960K
  class space    used 2624K, capacity 2876K, committed 2944K, reserved 1048576K
}

