# JRE version: Java(TM) SE Runtime Environment (8.0_25-b17) (build 1.8.0_25-b17)
# Java VM: Java HotSpot(TM) 64-Bit Server VM (25.25-b02 mixed mode bsd-amd64 compressed oops)
Heap:
 PSYoungGen      total 35328K, used 35312K [0x0000000147f00000, 0x000000014a400000, 0x000000015d400000)
  eden space 32768K, 100% used [0x0000000147f00000,0x0000000149f00000,0x0000000149f00000)
  from space 2560K, 99% used [0x000000014a180000,0x000000014a3fc030,0x000000014a400000)
  to   space 2560K, 0% used [0x0000000149f00000,0x0000000149f00000,0x000000014a180000)
 ParOldGen       total 44032K, used 1780K [0x000000011d400000, 0x000000011ff00000, 0x0000000147f00000)
  object space 44032K, 4% used [0x000000011d400000,0x000000011d5bd0d0,0x000000011ff00000)
 Metaspace       used 18503K, capacity 19890K, committed 20224K, reserved 1067008K
  class space    used 2755K, capacity 2997K, committed 3072K, reserved 1048576K
GC Heap History (4 events):
Event: 0.754 GC heap before
{Heap before GC invocations=1 (full 0):
 PSYoungGen      total 18944K, used 16384K [0x0000000147f00000, 0x0000000149400000, 0x000000015d400000)
  eden space 16384K, 100% used [0x0000000147f00000,0x0000000148f00000,0x0000000148f00000)
  from space 2560K, 0% used [0x0000000149180000,0x0000000149180000,0x0000000149400000)
  to   space 2560K, 0% used [0x0000000148f00000,0x0000000148f00000,0x0000000149180000)
 ParOldGen       total 44032K, used 0K [0x000000011d400000, 0x000000011ff00000, 0x0000000147f00000)
  object space 44032K, 0% used [0x000000011d400000,0x000000011d400000,0x000000011ff00000)
 Metaspace       used 8930K, capacity 9486K, committed 9600K, reserved 1056768K
  class space    used 1203K, capacity 1336K, committed 1408K, reserved 1048576K
Event: 0.778 GC heap after
Heap after GC invocations=1 (full 0):
 PSYoungGen      total 18944K, used 2528K [0x0000000147f00000, 0x000000014a400000, 0x000000015d400000)
  eden space 16384K, 0% used [0x0000000147f00000,0x0000000147f00000,0x0000000148f00000)
  from space 2560K, 98% used [0x0000000148f00000,0x0000000149178020,0x0000000149180000)
  to   space 2560K, 0% used [0x000000014a180000,0x000000014a180000,0x000000014a400000)
 ParOldGen       total 44032K, used 32K [0x000000011d400000, 0x000000011ff00000, 0x0000000147f00000)
  object space 44032K, 0% used [0x000000011d400000,0x000000011d408000,0x000000011ff00000)
 Metaspace       used 8930K, capacity 9486K, committed 9600K, reserved 1056768K
  class space    used 1203K, capacity 1336K, committed 1408K, reserved 1048576K
}
Event: 1.594 GC heap before
{Heap before GC invocations=2 (full 0):
 PSYoungGen      total 18944K, used 18912K [0x0000000147f00000, 0x000000014a400000, 0x000000015d400000)
  eden space 16384K, 100% used [0x0000000147f00000,0x0000000148f00000,0x0000000148f00000)
  from space 2560K, 98% used [0x0000000148f00000,0x0000000149178020,0x0000000149180000)
  to   space 2560K, 0% used [0x000000014a180000,0x000000014a180000,0x000000014a400000)
 ParOldGen       total 44032K, used 32K [0x000000011d400000, 0x000000011ff00000, 0x0000000147f00000)
  object space 44032K, 0% used [0x000000011d400000,0x000000011d408000,0x000000011ff00000)
 Metaspace       used 14716K, capacity 15630K, committed 15872K, reserved 1062912K
  class space    used 2341K, capacity 2512K, committed 2560K, reserved 1048576K
Event: 1.603 GC heap after
Heap after GC invocations=2 (full 0):
 PSYoungGen      total 35328K, used 2544K [0x0000000147f00000, 0x000000014a400000, 0x000000015d400000)
  eden space 32768K, 0% used [0x0000000147f00000,0x0000000147f00000,0x0000000149f00000)
  from space 2560K, 99% used [0x000000014a180000,0x000000014a3fc030,0x000000014a400000)
  to   space 2560K, 0% used [0x0000000149f00000,0x0000000149f00000,0x000000014a180000)
 ParOldGen       total 44032K, used 1780K [0x000000011d400000, 0x000000011ff00000, 0x0000000147f00000)
  object space 44032K, 4% used [0x000000011d400000,0x000000011d5bd0d0,0x000000011ff00000)
 Metaspace       used 14716K, capacity 15630K, committed 15872K, reserved 1062912K
  class space    used 2341K, capacity 2512K, committed 2560K, reserved 1048576K
}

