# JRE version: Java(TM) SE Runtime Environment (8.0_25-b17) (build 1.8.0_25-b17)
# Java VM: Java HotSpot(TM) 64-Bit Server VM (25.25-b02 mixed mode bsd-amd64 compressed oops)
Heap:
 PSYoungGen      total 18944K, used 5365K [0x000000013d300000, 0x000000013f300000, 0x0000000152800000)
  eden space 16384K, 17% used [0x000000013d300000,0x000000013d5c5448,0x000000013e300000)
  from space 2560K, 98% used [0x000000013e300000,0x000000013e578030,0x000000013e580000)
  to   space 8192K, 0% used [0x000000013eb00000,0x000000013eb00000,0x000000013f300000)
 ParOldGen       total 44032K, used 8071K [0x0000000112800000, 0x0000000115300000, 0x000000013d300000)
  object space 44032K, 18% used [0x0000000112800000,0x0000000112fe1e10,0x0000000115300000)
 Metaspace       used 19013K, capacity 20426K, committed 20608K, reserved 1067008K
  class space    used 2849K, capacity 3078K, committed 3200K, reserved 1048576K
GC Heap History (10 events):
Event: 1.403 GC heap before
{Heap before GC invocations=1 (full 0):
 PSYoungGen      total 18944K, used 16384K [0x000000013d300000, 0x000000013e800000, 0x0000000152800000)
  eden space 16384K, 100% used [0x000000013d300000,0x000000013e300000,0x000000013e300000)
  from space 2560K, 0% used [0x000000013e580000,0x000000013e580000,0x000000013e800000)
  to   space 2560K, 0% used [0x000000013e300000,0x000000013e300000,0x000000013e580000)
 ParOldGen       total 44032K, used 0K [0x0000000112800000, 0x0000000115300000, 0x000000013d300000)
  object space 44032K, 0% used [0x0000000112800000,0x0000000112800000,0x0000000115300000)
 Metaspace       used 8938K, capacity 9488K, committed 9600K, reserved 1056768K
  class space    used 1204K, capacity 1338K, committed 1408K, reserved 1048576K
Event: 1.407 GC heap after
Heap after GC invocations=1 (full 0):
 PSYoungGen      total 18944K, used 2512K [0x000000013d300000, 0x000000013e800000, 0x0000000152800000)
  eden space 16384K, 0% used [0x000000013d300000,0x000000013d300000,0x000000013e300000)
  from space 2560K, 98% used [0x000000013e300000,0x000000013e574030,0x000000013e580000)
  to   space 2560K, 0% used [0x000000013e580000,0x000000013e580000,0x000000013e800000)
 ParOldGen       total 44032K, used 8K [0x0000000112800000, 0x0000000115300000, 0x000000013d300000)
  object space 44032K, 0% used [0x0000000112800000,0x0000000112802000,0x0000000115300000)
 Metaspace       used 8938K, capacity 9488K, committed 9600K, reserved 1056768K
  class space    used 1204K, capacity 1338K, committed 1408K, reserved 1048576K
}
Event: 2.417 GC heap before
{Heap before GC invocations=2 (full 0):
 PSYoungGen      total 18944K, used 18896K [0x000000013d300000, 0x000000013e800000, 0x0000000152800000)
  eden space 16384K, 100% used [0x000000013d300000,0x000000013e300000,0x000000013e300000)
  from space 2560K, 98% used [0x000000013e300000,0x000000013e574030,0x000000013e580000)
  to   space 2560K, 0% used [0x000000013e580000,0x000000013e580000,0x000000013e800000)
 ParOldGen       total 44032K, used 8K [0x0000000112800000, 0x0000000115300000, 0x000000013d300000)
  object space 44032K, 0% used [0x0000000112800000,0x0000000112802000,0x0000000115300000)
 Metaspace       used 14753K, capacity 15614K, committed 15872K, reserved 1062912K
  class space    used 2347K, capacity 2515K, committed 2560K, reserved 1048576K
Event: 2.424 GC heap after
Heap after GC invocations=2 (full 0):
 PSYoungGen      total 18944K, used 2544K [0x000000013d300000, 0x000000013e800000, 0x0000000152800000)
  eden space 16384K, 0% used [0x000000013d300000,0x000000013d300000,0x000000013e300000)
  from space 2560K, 99% used [0x000000013e580000,0x000000013e7fc020,0x000000013e800000)
  to   space 2560K, 0% used [0x000000013e300000,0x000000013e300000,0x000000013e580000)
 ParOldGen       total 44032K, used 1720K [0x0000000112800000, 0x0000000115300000, 0x000000013d300000)
  object space 44032K, 3% used [0x0000000112800000,0x00000001129ae020,0x0000000115300000)
 Metaspace       used 14753K, capacity 15614K, committed 15872K, reserved 1062912K
  class space    used 2347K, capacity 2515K, committed 2560K, reserved 1048576K
}
Event: 3.569 GC heap before
{Heap before GC invocations=3 (full 0):
 PSYoungGen      total 18944K, used 18928K [0x000000013d300000, 0x000000013e800000, 0x0000000152800000)
  eden space 16384K, 100% used [0x000000013d300000,0x000000013e300000,0x000000013e300000)
  from space 2560K, 99% used [0x000000013e580000,0x000000013e7fc020,0x000000013e800000)
  to   space 2560K, 0% used [0x000000013e300000,0x000000013e300000,0x000000013e580000)
 ParOldGen       total 44032K, used 1720K [0x0000000112800000, 0x0000000115300000, 0x000000013d300000)
  object space 44032K, 3% used [0x0000000112800000,0x00000001129ae020,0x0000000115300000)
 Metaspace       used 17545K, capacity 18908K, committed 19200K, reserved 1064960K
  class space    used 2762K, capacity 3015K, committed 3072K, reserved 1048576K
Event: 3.580 GC heap after
Heap after GC invocations=3 (full 0):
 PSYoungGen      total 18944K, used 2528K [0x000000013d300000, 0x000000013e800000, 0x0000000152800000)
  eden space 16384K, 0% used [0x000000013d300000,0x000000013d300000,0x000000013e300000)
  from space 2560K, 98% used [0x000000013e300000,0x000000013e578010,0x000000013e580000)
  to   space 2560K, 0% used [0x000000013e580000,0x000000013e580000,0x000000013e800000)
 ParOldGen       total 44032K, used 6823K [0x0000000112800000, 0x0000000115300000, 0x000000013d300000)
  object space 44032K, 15% used [0x0000000112800000,0x0000000112ea9e00,0x0000000115300000)
 Metaspace       used 17545K, capacity 18908K, committed 19200K, reserved 1064960K
  class space    used 2762K, capacity 3015K, committed 3072K, reserved 1048576K
}
Event: 312.552 GC heap before
{Heap before GC invocations=4 (full 0):
 PSYoungGen      total 18944K, used 18912K [0x000000013d300000, 0x000000013e800000, 0x0000000152800000)
  eden space 16384K, 100% used [0x000000013d300000,0x000000013e300000,0x000000013e300000)
  from space 2560K, 98% used [0x000000013e300000,0x000000013e578010,0x000000013e580000)
  to   space 2560K, 0% used [0x000000013e580000,0x000000013e580000,0x000000013e800000)
 ParOldGen       total 44032K, used 6823K [0x0000000112800000, 0x0000000115300000, 0x000000013d300000)
  object space 44032K, 15% used [0x0000000112800000,0x0000000112ea9e00,0x0000000115300000)
 Metaspace       used 18986K, capacity 20390K, committed 20480K, reserved 1067008K
  class space    used 2842K, capacity 3070K, committed 3072K, reserved 1048576K
Event: 312.568 GC heap after
Heap after GC invocations=4 (full 0):
 PSYoungGen      total 18944K, used 2528K [0x000000013d300000, 0x000000013e800000, 0x0000000152800000)
  eden space 16384K, 0% used [0x000000013d300000,0x000000013d300000,0x000000013e300000)
  from space 2560K, 98% used [0x000000013e580000,0x000000013e7f8010,0x000000013e800000)
  to   space 2560K, 0% used [0x000000013e300000,0x000000013e300000,0x000000013e580000)
 ParOldGen       total 44032K, used 8055K [0x0000000112800000, 0x0000000115300000, 0x000000013d300000)
  object space 44032K, 18% used [0x0000000112800000,0x0000000112fdde10,0x0000000115300000)
 Metaspace       used 18986K, capacity 20390K, committed 20480K, reserved 1067008K
  class space    used 2842K, capacity 3070K, committed 3072K, reserved 1048576K
}
Event: 1289.175 GC heap before
{Heap before GC invocations=5 (full 0):
 PSYoungGen      total 18944K, used 18912K [0x000000013d300000, 0x000000013e800000, 0x0000000152800000)
  eden space 16384K, 100% used [0x000000013d300000,0x000000013e300000,0x000000013e300000)
  from space 2560K, 98% used [0x000000013e580000,0x000000013e7f8010,0x000000013e800000)
  to   space 2560K, 0% used [0x000000013e300000,0x000000013e300000,0x000000013e580000)
 ParOldGen       total 44032K, used 8055K [0x0000000112800000, 0x0000000115300000, 0x000000013d300000)
  object space 44032K, 18% used [0x0000000112800000,0x0000000112fdde10,0x0000000115300000)
 Metaspace       used 18986K, capacity 20390K, committed 20480K, reserved 1067008K
  class space    used 2842K, capacity 3070K, committed 3072K, reserved 1048576K
Event: 1289.195 GC heap after
Heap after GC invocations=5 (full 0):
 PSYoungGen      total 18944K, used 2528K [0x000000013d300000, 0x000000013f300000, 0x0000000152800000)
  eden space 16384K, 0% used [0x000000013d300000,0x000000013d300000,0x000000013e300000)
  from space 2560K, 98% used [0x000000013e300000,0x000000013e578030,0x000000013e580000)
  to   space 8192K, 0% used [0x000000013eb00000,0x000000013eb00000,0x000000013f300000)
 ParOldGen       total 44032K, used 8071K [0x0000000112800000, 0x0000000115300000, 0x000000013d300000)
  object space 44032K, 18% used [0x0000000112800000,0x0000000112fe1e10,0x0000000115300000)
 Metaspace       used 18986K, capacity 20390K, committed 20480K, reserved 1067008K
  class space    used 2842K, capacity 3070K, committed 3072K, reserved 1048576K
}

